# JRE version: OpenJDK Runtime Environment (8.0_152-b01) (build 1.8.0_152-release-915-b01)
# Java VM: OpenJDK 64-Bit Server VM (25.152-b01 mixed mode windows-amd64 compressed oops)
Heap:
 PSYoungGen      total 212992K, used 130910K [0x00000000e0000000, 0x00000000f1000000, 0x0000000100000000)
  eden space 167936K, 61% used [0x00000000e0000000,0x00000000e65a7ad8,0x00000000ea400000)
  from space 45056K, 59% used [0x00000000ea400000,0x00000000ebe2fda0,0x00000000ed000000)
  to   space 45056K, 0% used [0x00000000ee400000,0x00000000ee400000,0x00000000f1000000)
 ParOldGen       total 128000K, used 51114K [0x00000000a0000000, 0x00000000a7d00000, 0x00000000e0000000)
  object space 128000K, 39% used [0x00000000a0000000,0x00000000a31ea9b0,0x00000000a7d00000)
 Metaspace       used 95848K, capacity 102252K, committed 102732K, reserved 1138688K
  class space    used 12301K, capacity 13837K, committed 13952K, reserved 1048576K
GC Heap History (10 events):
Event: 2381.687 GC heap before
{Heap before GC invocations=43 (full 4):
 PSYoungGen      total 195584K, used 154480K [0x00000000e0000000, 0x00000000efd80000, 0x0000000100000000)
  eden space 144384K, 100% used [0x00000000e0000000,0x00000000e8d00000,0x00000000e8d00000)
  from space 51200K, 19% used [0x00000000ebe00000,0x00000000ec7dc010,0x00000000ef000000)
  to   space 50176K, 0% used [0x00000000e8d00000,0x00000000e8d00000,0x00000000ebe00000)
 ParOldGen       total 128000K, used 51082K [0x00000000a0000000, 0x00000000a7d00000, 0x00000000e0000000)
  object space 128000K, 39% used [0x00000000a0000000,0x00000000a31e29b0,0x00000000a7d00000)
 Metaspace       used 90832K, capacity 95724K, committed 98380K, reserved 1134592K
  class space    used 11627K, capacity 12754K, committed 13440K, reserved 1048576K
Event: 2381.718 GC heap after
Heap after GC invocations=43 (full 4):
 PSYoungGen      total 194560K, used 13296K [0x00000000e0000000, 0x00000000ef880000, 0x0000000100000000)
  eden space 144384K, 0% used [0x00000000e0000000,0x00000000e0000000,0x00000000e8d00000)
  from space 50176K, 26% used [0x00000000e8d00000,0x00000000e99fc030,0x00000000ebe00000)
  to   space 48128K, 0% used [0x00000000ec980000,0x00000000ec980000,0x00000000ef880000)
 ParOldGen       total 128000K, used 51082K [0x00000000a0000000, 0x00000000a7d00000, 0x00000000e0000000)
  object space 128000K, 39% used [0x00000000a0000000,0x00000000a31e29b0,0x00000000a7d00000)
 Metaspace       used 90832K, capacity 95724K, committed 98380K, reserved 1134592K
  class space    used 11627K, capacity 12754K, committed 13440K, reserved 1048576K
}
Event: 3264.222 GC heap before
{Heap before GC invocations=44 (full 4):
 PSYoungGen      total 194560K, used 157680K [0x00000000e0000000, 0x00000000ef880000, 0x0000000100000000)
  eden space 144384K, 100% used [0x00000000e0000000,0x00000000e8d00000,0x00000000e8d00000)
  from space 50176K, 26% used [0x00000000e8d00000,0x00000000e99fc030,0x00000000ebe00000)
  to   space 48128K, 0% used [0x00000000ec980000,0x00000000ec980000,0x00000000ef880000)
 ParOldGen       total 128000K, used 51082K [0x00000000a0000000, 0x00000000a7d00000, 0x00000000e0000000)
  object space 128000K, 39% used [0x00000000a0000000,0x00000000a31e29b0,0x00000000a7d00000)
 Metaspace       used 91574K, capacity 96620K, committed 98892K, reserved 1134592K
  class space    used 11680K, capacity 12841K, committed 13440K, reserved 1048576K
Event: 3266.911 GC heap after
Heap after GC invocations=44 (full 4):
 PSYoungGen      total 200192K, used 12040K [0x00000000e0000000, 0x00000000ef380000, 0x0000000100000000)
  eden space 157184K, 0% used [0x00000000e0000000,0x00000000e0000000,0x00000000e9980000)
  from space 43008K, 27% used [0x00000000ec980000,0x00000000ed542030,0x00000000ef380000)
  to   space 46080K, 0% used [0x00000000e9980000,0x00000000e9980000,0x00000000ec680000)
 ParOldGen       total 128000K, used 51090K [0x00000000a0000000, 0x00000000a7d00000, 0x00000000e0000000)
  object space 128000K, 39% used [0x00000000a0000000,0x00000000a31e49b0,0x00000000a7d00000)
 Metaspace       used 91574K, capacity 96620K, committed 98892K, reserved 1134592K
  class space    used 11680K, capacity 12841K, committed 13440K, reserved 1048576K
}
Event: 3330.678 GC heap before
{Heap before GC invocations=45 (full 4):
 PSYoungGen      total 200192K, used 169224K [0x00000000e0000000, 0x00000000ef380000, 0x0000000100000000)
  eden space 157184K, 100% used [0x00000000e0000000,0x00000000e9980000,0x00000000e9980000)
  from space 43008K, 27% used [0x00000000ec980000,0x00000000ed542030,0x00000000ef380000)
  to   space 46080K, 0% used [0x00000000e9980000,0x00000000e9980000,0x00000000ec680000)
 ParOldGen       total 128000K, used 51090K [0x00000000a0000000, 0x00000000a7d00000, 0x00000000e0000000)
  object space 128000K, 39% used [0x00000000a0000000,0x00000000a31e49b0,0x00000000a7d00000)
 Metaspace       used 94660K, capacity 100042K, committed 101964K, reserved 1138688K
  class space    used 12073K, capacity 13324K, committed 13696K, reserved 1048576K
Event: 3330.750 GC heap after
Heap after GC invocations=45 (full 4):
 PSYoungGen      total 203264K, used 22203K [0x00000000e0000000, 0x00000000efc00000, 0x0000000100000000)
  eden space 157184K, 0% used [0x00000000e0000000,0x00000000e0000000,0x00000000e9980000)
  from space 46080K, 48% used [0x00000000e9980000,0x00000000eaf2ee88,0x00000000ec680000)
  to   space 45056K, 0% used [0x00000000ed000000,0x00000000ed000000,0x00000000efc00000)
 ParOldGen       total 128000K, used 51098K [0x00000000a0000000, 0x00000000a7d00000, 0x00000000e0000000)
  object space 128000K, 39% used [0x00000000a0000000,0x00000000a31e69b0,0x00000000a7d00000)
 Metaspace       used 94660K, capacity 100042K, committed 101964K, reserved 1138688K
  class space    used 12073K, capacity 13324K, committed 13696K, reserved 1048576K
}
Event: 3340.774 GC heap before
{Heap before GC invocations=46 (full 4):
 PSYoungGen      total 203264K, used 179387K [0x00000000e0000000, 0x00000000efc00000, 0x0000000100000000)
  eden space 157184K, 100% used [0x00000000e0000000,0x00000000e9980000,0x00000000e9980000)
  from space 46080K, 48% used [0x00000000e9980000,0x00000000eaf2ee88,0x00000000ec680000)
  to   space 45056K, 0% used [0x00000000ed000000,0x00000000ed000000,0x00000000efc00000)
 ParOldGen       total 128000K, used 51098K [0x00000000a0000000, 0x00000000a7d00000, 0x00000000e0000000)
  object space 128000K, 39% used [0x00000000a0000000,0x00000000a31e69b0,0x00000000a7d00000)
 Metaspace       used 95068K, capacity 100934K, committed 102348K, reserved 1138688K
  class space    used 12181K, capacity 13582K, committed 13824K, reserved 1048576K
Event: 3340.857 GC heap after
Heap after GC invocations=46 (full 4):
 PSYoungGen      total 212992K, used 25524K [0x00000000e0000000, 0x00000000efe00000, 0x0000000100000000)
  eden space 167936K, 0% used [0x00000000e0000000,0x00000000e0000000,0x00000000ea400000)
  from space 45056K, 56% used [0x00000000ed000000,0x00000000ee8ed100,0x00000000efc00000)
  to   space 45056K, 0% used [0x00000000ea400000,0x00000000ea400000,0x00000000ed000000)
 ParOldGen       total 128000K, used 51106K [0x00000000a0000000, 0x00000000a7d00000, 0x00000000e0000000)
  object space 128000K, 39% used [0x00000000a0000000,0x00000000a31e89b0,0x00000000a7d00000)
 Metaspace       used 95068K, capacity 100934K, committed 102348K, reserved 1138688K
  class space    used 12181K, capacity 13582K, committed 13824K, reserved 1048576K
}
Event: 3713.485 GC heap before
{Heap before GC invocations=47 (full 4):
 PSYoungGen      total 212992K, used 193460K [0x00000000e0000000, 0x00000000efe00000, 0x0000000100000000)
  eden space 167936K, 100% used [0x00000000e0000000,0x00000000ea400000,0x00000000ea400000)
  from space 45056K, 56% used [0x00000000ed000000,0x00000000ee8ed100,0x00000000efc00000)
  to   space 45056K, 0% used [0x00000000ea400000,0x00000000ea400000,0x00000000ed000000)
 ParOldGen       total 128000K, used 51106K [0x00000000a0000000, 0x00000000a7d00000, 0x00000000e0000000)
  object space 128000K, 39% used [0x00000000a0000000,0x00000000a31e89b0,0x00000000a7d00000)
 Metaspace       used 95714K, capacity 102004K, committed 102732K, reserved 1138688K
  class space    used 12278K, capacity 13775K, committed 13952K, reserved 1048576K
Event: 3723.178 GC heap after
Heap after GC invocations=47 (full 4):
 PSYoungGen      total 212992K, used 26815K [0x00000000e0000000, 0x00000000f1000000, 0x0000000100000000)
  eden space 167936K, 0% used [0x00000000e0000000,0x00000000e0000000,0x00000000ea400000)
  from space 45056K, 59% used [0x00000000ea400000,0x00000000ebe2fda0,0x00000000ed000000)
  to   space 45056K, 0% used [0x00000000ee400000,0x00000000ee400000,0x00000000f1000000)
 ParOldGen       total 128000K, used 51114K [0x00000000a0000000, 0x00000000a7d00000, 0x00000000e0000000)
  object space 128000K, 39% used [0x00000000a0000000,0x00000000a31ea9b0,0x00000000a7d00000)
 Metaspace       used 95714K, capacity 102004K, committed 102732K, reserved 1138688K
  class space    used 12278K, capacity 13775K, committed 13952K, reserved 1048576K
}

